mode: atomic
github.com/ServiceComb/service-center/server/core/registry/store/store.go:92.13,98.43 2 1
github.com/ServiceComb/service-center/server/core/registry/store/store.go:101.2,102.47 2 1
github.com/ServiceComb/service-center/server/core/registry/store/store.go:98.43,100.3 1 17
github.com/ServiceComb/service-center/server/core/registry/store/store.go:115.41,117.2 1 0
github.com/ServiceComb/service-center/server/core/registry/store/store.go:119.58,123.20 4 0
github.com/ServiceComb/service-center/server/core/registry/store/store.go:133.2,133.50 1 0
github.com/ServiceComb/service-center/server/core/registry/store/store.go:141.2,141.12 1 0
github.com/ServiceComb/service-center/server/core/registry/store/store.go:123.20,131.3 2 0
github.com/ServiceComb/service-center/server/core/registry/store/store.go:133.50,140.3 1 0
github.com/ServiceComb/service-center/server/core/registry/store/store.go:144.40,146.2 1 0
github.com/ServiceComb/service-center/server/core/registry/store/store.go:150.37,151.30 1 0
github.com/ServiceComb/service-center/server/core/registry/store/store.go:154.2,154.39 1 0
github.com/ServiceComb/service-center/server/core/registry/store/store.go:151.30,153.3 1 0
github.com/ServiceComb/service-center/server/core/registry/store/store.go:165.60,167.9 2 0
github.com/ServiceComb/service-center/server/core/registry/store/store.go:168.19,169.29 1 0
github.com/ServiceComb/service-center/server/core/registry/store/store.go:170.10,170.10 0 0
github.com/ServiceComb/service-center/server/core/registry/store/store.go:174.68,178.36 1 0
github.com/ServiceComb/service-center/server/core/registry/store/store.go:180.2,180.43 1 0
github.com/ServiceComb/service-center/server/core/registry/store/store.go:178.36,178.63 1 0
github.com/ServiceComb/service-center/server/core/registry/store/store.go:183.45,185.2 1 17
github.com/ServiceComb/service-center/server/core/registry/store/store.go:187.62,191.2 3 17
github.com/ServiceComb/service-center/server/core/registry/store/store.go:193.25,196.2 2 0
github.com/ServiceComb/service-center/server/core/registry/store/store.go:198.46,199.11 1 0
github.com/ServiceComb/service-center/server/core/registry/store/store.go:200.14,201.12 1 0
github.com/ServiceComb/service-center/server/core/registry/store/store.go:202.23,203.14 1 0
github.com/ServiceComb/service-center/server/core/registry/store/store.go:204.10,205.13 1 0
github.com/ServiceComb/service-center/server/core/registry/store/store.go:209.58,211.2 1 0
github.com/ServiceComb/service-center/server/core/registry/store/store.go:213.27,232.31 17 0
github.com/ServiceComb/service-center/server/core/registry/store/store.go:235.2,237.48 2 0
github.com/ServiceComb/service-center/server/core/registry/store/store.go:232.31,234.3 1 0
github.com/ServiceComb/service-center/server/core/registry/store/store.go:240.47,245.29 4 0
github.com/ServiceComb/service-center/server/core/registry/store/store.go:250.2,250.22 1 0
github.com/ServiceComb/service-center/server/core/registry/store/store.go:256.2,256.57 1 0
github.com/ServiceComb/service-center/server/core/registry/store/store.go:245.29,248.3 2 0
github.com/ServiceComb/service-center/server/core/registry/store/store.go:250.22,254.3 2 0
github.com/ServiceComb/service-center/server/core/registry/store/store.go:259.46,260.33 1 0
github.com/ServiceComb/service-center/server/core/registry/store/store.go:264.2,270.28 4 0
github.com/ServiceComb/service-center/server/core/registry/store/store.go:260.33,262.3 1 0
github.com/ServiceComb/service-center/server/core/registry/store/store.go:273.47,275.2 1 0
github.com/ServiceComb/service-center/server/core/registry/store/store.go:277.33,279.2 1 0
github.com/ServiceComb/service-center/server/core/registry/store/store.go:281.26,282.15 1 0
github.com/ServiceComb/service-center/server/core/registry/store/store.go:285.2,287.31 2 0
github.com/ServiceComb/service-center/server/core/registry/store/store.go:291.2,295.47 3 0
github.com/ServiceComb/service-center/server/core/registry/store/store.go:282.15,284.3 1 0
github.com/ServiceComb/service-center/server/core/registry/store/store.go:287.31,289.3 1 0
github.com/ServiceComb/service-center/server/core/registry/store/store.go:298.43,301.2 2 0
github.com/ServiceComb/service-center/server/core/registry/store/store.go:303.38,305.2 1 0
github.com/ServiceComb/service-center/server/core/registry/store/store.go:307.39,309.2 1 0
github.com/ServiceComb/service-center/server/core/registry/store/store.go:311.36,313.2 1 0
github.com/ServiceComb/service-center/server/core/registry/store/store.go:315.43,317.2 1 0
github.com/ServiceComb/service-center/server/core/registry/store/store.go:319.43,321.2 1 0
github.com/ServiceComb/service-center/server/core/registry/store/store.go:323.41,325.2 1 0
github.com/ServiceComb/service-center/server/core/registry/store/store.go:327.35,329.2 1 0
github.com/ServiceComb/service-center/server/core/registry/store/store.go:331.40,333.2 1 0
github.com/ServiceComb/service-center/server/core/registry/store/store.go:335.37,337.2 1 0
github.com/ServiceComb/service-center/server/core/registry/store/store.go:339.41,341.2 1 0
github.com/ServiceComb/service-center/server/core/registry/store/store.go:343.45,345.2 1 0
github.com/ServiceComb/service-center/server/core/registry/store/store.go:347.37,349.2 1 0
github.com/ServiceComb/service-center/server/core/registry/store/store.go:356.48,358.2 1 0
github.com/ServiceComb/service-center/server/core/registry/store/store.go:361.44,363.2 1 0
github.com/ServiceComb/service-center/server/core/registry/store/store.go:366.40,368.2 1 0
github.com/ServiceComb/service-center/server/core/registry/store/store.go:371.41,373.2 1 0
github.com/ServiceComb/service-center/server/core/registry/store/store.go:376.44,378.2 1 0
github.com/ServiceComb/service-center/server/core/registry/store/store.go:380.98,384.39 3 0
github.com/ServiceComb/service-center/server/core/registry/store/store.go:391.2,392.16 2 0
github.com/ServiceComb/service-center/server/core/registry/store/store.go:395.2,396.16 2 0
github.com/ServiceComb/service-center/server/core/registry/store/store.go:399.2,400.25 2 0
github.com/ServiceComb/service-center/server/core/registry/store/store.go:384.39,389.3 4 0
github.com/ServiceComb/service-center/server/core/registry/store/store.go:392.16,394.3 1 0
github.com/ServiceComb/service-center/server/core/registry/store/store.go:396.16,398.3 1 0
github.com/ServiceComb/service-center/server/core/registry/store/store.go:403.46,405.2 1 0
github.com/ServiceComb/service-center/server/core/registry/store/store.go:407.23,409.2 1 0
github.com/ServiceComb/service-center/server/core/registry/store/store.go:411.62,417.2 1 0
github.com/ServiceComb/service-center/server/core/registry/store/store.go:419.29,420.37 1 0
github.com/ServiceComb/service-center/server/core/registry/store/store.go:425.2,425.8 1 0
github.com/ServiceComb/service-center/server/core/registry/store/store.go:420.37,421.32 1 0
github.com/ServiceComb/service-center/server/core/registry/store/store.go:421.32,423.4 1 0
github.com/ServiceComb/service-center/server/core/registry/store/async_task.go:45.90,50.9 5 6
github.com/ServiceComb/service-center/server/core/registry/store/async_task.go:60.2,60.18 1 6
github.com/ServiceComb/service-center/server/core/registry/store/async_task.go:68.2,68.19 1 6
github.com/ServiceComb/service-center/server/core/registry/store/async_task.go:50.9,53.10 3 4
github.com/ServiceComb/service-center/server/core/registry/store/async_task.go:58.3,58.25 1 4
github.com/ServiceComb/service-center/server/core/registry/store/async_task.go:53.10,57.4 3 4
github.com/ServiceComb/service-center/server/core/registry/store/async_task.go:60.18,63.13 3 0
github.com/ServiceComb/service-center/server/core/registry/store/async_task.go:66.3,66.25 1 0
github.com/ServiceComb/service-center/server/core/registry/store/async_task.go:63.13,65.4 1 0
github.com/ServiceComb/service-center/server/core/registry/store/async_task.go:71.76,72.31 1 7
github.com/ServiceComb/service-center/server/core/registry/store/async_task.go:76.2,77.26 2 6
github.com/ServiceComb/service-center/server/core/registry/store/async_task.go:82.2,83.16 2 2
github.com/ServiceComb/service-center/server/core/registry/store/async_task.go:86.2,89.16 3 2
github.com/ServiceComb/service-center/server/core/registry/store/async_task.go:92.2,92.22 1 2
github.com/ServiceComb/service-center/server/core/registry/store/async_task.go:72.31,74.3 1 1
github.com/ServiceComb/service-center/server/core/registry/store/async_task.go:77.26,80.3 1 4
github.com/ServiceComb/service-center/server/core/registry/store/async_task.go:83.16,85.3 1 0
github.com/ServiceComb/service-center/server/core/registry/store/async_task.go:89.16,91.3 1 0
github.com/ServiceComb/service-center/server/core/registry/store/async_task.go:95.59,97.17 2 3
github.com/ServiceComb/service-center/server/core/registry/store/async_task.go:101.2,102.12 2 2
github.com/ServiceComb/service-center/server/core/registry/store/async_task.go:106.2,108.12 3 1
github.com/ServiceComb/service-center/server/core/registry/store/async_task.go:97.17,100.3 2 1
github.com/ServiceComb/service-center/server/core/registry/store/async_task.go:102.12,105.3 2 1
github.com/ServiceComb/service-center/server/core/registry/store/async_task.go:111.48,112.38 1 3
github.com/ServiceComb/service-center/server/core/registry/store/async_task.go:116.2,118.53 3 3
github.com/ServiceComb/service-center/server/core/registry/store/async_task.go:112.38,115.3 2 3
github.com/ServiceComb/service-center/server/core/registry/store/async_task.go:121.70,125.9 4 4
github.com/ServiceComb/service-center/server/core/registry/store/async_task.go:128.2,128.16 1 4
github.com/ServiceComb/service-center/server/core/registry/store/async_task.go:125.9,127.3 1 0
github.com/ServiceComb/service-center/server/core/registry/store/async_task.go:131.58,134.15 3 3
github.com/ServiceComb/service-center/server/core/registry/store/async_task.go:138.2,138.6 1 3
github.com/ServiceComb/service-center/server/core/registry/store/async_task.go:134.15,137.3 2 3
github.com/ServiceComb/service-center/server/core/registry/store/async_task.go:138.6,139.10 1 43
github.com/ServiceComb/service-center/server/core/registry/store/async_task.go:140.17,142.10 2 3
github.com/ServiceComb/service-center/server/core/registry/store/async_task.go:143.11,147.11 3 40
github.com/ServiceComb/service-center/server/core/registry/store/async_task.go:148.25,150.34 2 1
github.com/ServiceComb/service-center/server/core/registry/store/async_task.go:151.22,151.22 0 39
github.com/ServiceComb/service-center/server/core/registry/store/async_task.go:157.66,158.6 1 3
github.com/ServiceComb/service-center/server/core/registry/store/async_task.go:158.6,159.10 1 4
github.com/ServiceComb/service-center/server/core/registry/store/async_task.go:160.17,162.10 2 3
github.com/ServiceComb/service-center/server/core/registry/store/async_task.go:163.52,164.19 1 1
github.com/ServiceComb/service-center/server/core/registry/store/async_task.go:167.4,169.37 3 1
github.com/ServiceComb/service-center/server/core/registry/store/async_task.go:172.4,173.13 2 1
github.com/ServiceComb/service-center/server/core/registry/store/async_task.go:164.19,166.5 1 0
github.com/ServiceComb/service-center/server/core/registry/store/async_task.go:169.37,171.5 1 0
github.com/ServiceComb/service-center/server/core/registry/store/async_task.go:173.13,175.5 1 0
github.com/ServiceComb/service-center/server/core/registry/store/async_task.go:180.31,182.18 2 3
github.com/ServiceComb/service-center/server/core/registry/store/async_task.go:186.2,189.40 4 3
github.com/ServiceComb/service-center/server/core/registry/store/async_task.go:182.18,185.3 2 0
github.com/ServiceComb/service-center/server/core/registry/store/async_task.go:192.68,194.6 2 1
github.com/ServiceComb/service-center/server/core/registry/store/async_task.go:194.6,195.10 1 1
github.com/ServiceComb/service-center/server/core/registry/store/async_task.go:196.24,197.38 1 0
github.com/ServiceComb/service-center/server/core/registry/store/async_task.go:198.21,199.10 1 1
github.com/ServiceComb/service-center/server/core/registry/store/async_task.go:204.67,206.37 2 40
github.com/ServiceComb/service-center/server/core/registry/store/async_task.go:217.2,217.25 1 40
github.com/ServiceComb/service-center/server/core/registry/store/async_task.go:206.37,207.10 1 39
github.com/ServiceComb/service-center/server/core/registry/store/async_task.go:208.35,209.11 1 1
github.com/ServiceComb/service-center/server/core/registry/store/async_task.go:213.4,213.29 1 1
github.com/ServiceComb/service-center/server/core/registry/store/async_task.go:214.11,214.11 0 38
github.com/ServiceComb/service-center/server/core/registry/store/async_task.go:209.11,211.13 2 0
github.com/ServiceComb/service-center/server/core/registry/store/async_task.go:220.52,222.48 2 1
github.com/ServiceComb/service-center/server/core/registry/store/async_task.go:222.48,224.13 2 1
github.com/ServiceComb/service-center/server/core/registry/store/async_task.go:239.3,239.10 1 1
github.com/ServiceComb/service-center/server/core/registry/store/async_task.go:224.13,230.11 5 1
github.com/ServiceComb/service-center/server/core/registry/store/async_task.go:235.4,237.28 2 1
github.com/ServiceComb/service-center/server/core/registry/store/async_task.go:230.11,233.5 2 0
github.com/ServiceComb/service-center/server/core/registry/store/async_task.go:240.21,241.92 1 1
github.com/ServiceComb/service-center/server/core/registry/store/async_task.go:242.17,244.90 2 0
github.com/ServiceComb/service-center/server/core/registry/store/async_task.go:249.56,253.9 4 1
github.com/ServiceComb/service-center/server/core/registry/store/async_task.go:257.2,259.8 3 1
github.com/ServiceComb/service-center/server/core/registry/store/async_task.go:262.2,262.24 1 1
github.com/ServiceComb/service-center/server/core/registry/store/async_task.go:253.9,255.3 1 0
github.com/ServiceComb/service-center/server/core/registry/store/async_task.go:259.8,261.3 1 1
github.com/ServiceComb/service-center/server/core/registry/store/async_task.go:265.32,267.17 2 5
github.com/ServiceComb/service-center/server/core/registry/store/async_task.go:271.2,272.30 2 3
github.com/ServiceComb/service-center/server/core/registry/store/async_task.go:275.2,280.48 4 3
github.com/ServiceComb/service-center/server/core/registry/store/async_task.go:267.17,270.3 2 2
github.com/ServiceComb/service-center/server/core/registry/store/async_task.go:272.30,274.3 1 3
github.com/ServiceComb/service-center/server/core/registry/store/async_task.go:283.49,285.2 1 0
github.com/ServiceComb/service-center/server/core/registry/store/async_task.go:287.36,296.2 1 4
github.com/ServiceComb/service-center/server/core/registry/store/cacher.go:53.37,55.2 1 0
github.com/ServiceComb/service-center/server/core/registry/store/cacher.go:57.51,59.2 1 0
github.com/ServiceComb/service-center/server/core/registry/store/cacher.go:61.44,63.2 1 0
github.com/ServiceComb/service-center/server/core/registry/store/cacher.go:68.36,70.2 1 0
github.com/ServiceComb/service-center/server/core/registry/store/cacher.go:72.28,72.30 0 17
github.com/ServiceComb/service-center/server/core/registry/store/cacher.go:74.29,74.31 0 0
github.com/ServiceComb/service-center/server/core/registry/store/cacher.go:76.46,80.2 3 0
github.com/ServiceComb/service-center/server/core/registry/store/cacher.go:93.35,95.2 1 0
github.com/ServiceComb/service-center/server/core/registry/store/cacher.go:97.51,101.9 4 0
github.com/ServiceComb/service-center/server/core/registry/store/cacher.go:104.2,105.16 2 0
github.com/ServiceComb/service-center/server/core/registry/store/cacher.go:101.9,103.3 1 0
github.com/ServiceComb/service-center/server/core/registry/store/cacher.go:108.49,113.2 4 0
github.com/ServiceComb/service-center/server/core/registry/store/cacher.go:115.54,118.2 2 0
github.com/ServiceComb/service-center/server/core/registry/store/cacher.go:120.28,122.23 2 0
github.com/ServiceComb/service-center/server/core/registry/store/cacher.go:125.2,127.60 1 0
github.com/ServiceComb/service-center/server/core/registry/store/cacher.go:139.2,139.18 1 0
github.com/ServiceComb/service-center/server/core/registry/store/cacher.go:122.23,124.3 1 0
github.com/ServiceComb/service-center/server/core/registry/store/cacher.go:127.60,132.29 3 0
github.com/ServiceComb/service-center/server/core/registry/store/cacher.go:135.3,137.29 3 0
github.com/ServiceComb/service-center/server/core/registry/store/cacher.go:132.29,134.4 1 0
github.com/ServiceComb/service-center/server/core/registry/store/cacher.go:142.34,147.2 4 0
github.com/ServiceComb/service-center/server/core/registry/store/cacher.go:163.36,165.15 2 0
github.com/ServiceComb/service-center/server/core/registry/store/cacher.go:167.2,167.14 1 0
github.com/ServiceComb/service-center/server/core/registry/store/cacher.go:171.2,171.22 1 0
github.com/ServiceComb/service-center/server/core/registry/store/cacher.go:175.2,176.50 2 0
github.com/ServiceComb/service-center/server/core/registry/store/cacher.go:180.2,183.13 3 0
github.com/ServiceComb/service-center/server/core/registry/store/cacher.go:165.15,165.34 1 0
github.com/ServiceComb/service-center/server/core/registry/store/cacher.go:167.14,170.3 2 0
github.com/ServiceComb/service-center/server/core/registry/store/cacher.go:171.22,174.3 2 0
github.com/ServiceComb/service-center/server/core/registry/store/cacher.go:176.50,178.3 1 0
github.com/ServiceComb/service-center/server/core/registry/store/cacher.go:186.55,189.16 3 0
github.com/ServiceComb/service-center/server/core/registry/store/cacher.go:192.2,197.34 5 0
github.com/ServiceComb/service-center/server/core/registry/store/cacher.go:202.2,202.26 1 0
github.com/ServiceComb/service-center/server/core/registry/store/cacher.go:206.2,206.12 1 0
github.com/ServiceComb/service-center/server/core/registry/store/cacher.go:189.16,191.3 1 0
github.com/ServiceComb/service-center/server/core/registry/store/cacher.go:197.34,201.3 2 0
github.com/ServiceComb/service-center/server/core/registry/store/cacher.go:202.26,205.3 1 0
github.com/ServiceComb/service-center/server/core/registry/store/cacher.go:209.56,213.2 3 0
github.com/ServiceComb/service-center/server/core/registry/store/cacher.go:215.60,222.18 3 0
github.com/ServiceComb/service-center/server/core/registry/store/cacher.go:232.2,236.16 3 0
github.com/ServiceComb/service-center/server/core/registry/store/cacher.go:241.2,241.12 1 0
github.com/ServiceComb/service-center/server/core/registry/store/cacher.go:222.18,224.17 2 0
github.com/ServiceComb/service-center/server/core/registry/store/cacher.go:229.3,229.30 1 0
github.com/ServiceComb/service-center/server/core/registry/store/cacher.go:224.17,228.4 1 0
github.com/ServiceComb/service-center/server/core/registry/store/cacher.go:236.16,240.3 2 0
github.com/ServiceComb/service-center/server/core/registry/store/cacher.go:244.58,246.39 2 0
github.com/ServiceComb/service-center/server/core/registry/store/cacher.go:253.2,253.12 1 0
github.com/ServiceComb/service-center/server/core/registry/store/cacher.go:246.39,247.38 1 0
github.com/ServiceComb/service-center/server/core/registry/store/cacher.go:251.3,251.15 1 0
github.com/ServiceComb/service-center/server/core/registry/store/cacher.go:247.38,250.4 2 0
github.com/ServiceComb/service-center/server/core/registry/store/cacher.go:256.56,257.30 1 0
github.com/ServiceComb/service-center/server/core/registry/store/cacher.go:261.2,261.55 1 0
github.com/ServiceComb/service-center/server/core/registry/store/cacher.go:257.30,259.3 1 0
github.com/ServiceComb/service-center/server/core/registry/store/cacher.go:264.56,265.30 1 0
github.com/ServiceComb/service-center/server/core/registry/store/cacher.go:269.2,270.6 2 0
github.com/ServiceComb/service-center/server/core/registry/store/cacher.go:265.30,267.3 1 0
github.com/ServiceComb/service-center/server/core/registry/store/cacher.go:270.6,271.10 1 0
github.com/ServiceComb/service-center/server/core/registry/store/cacher.go:272.17,273.10 1 0
github.com/ServiceComb/service-center/server/core/registry/store/cacher.go:274.52,275.11 1 0
github.com/ServiceComb/service-center/server/core/registry/store/cacher.go:280.4,280.29 1 0
github.com/ServiceComb/service-center/server/core/registry/store/cacher.go:285.4,286.7 2 0
github.com/ServiceComb/service-center/server/core/registry/store/cacher.go:287.34,288.14 1 0
github.com/ServiceComb/service-center/server/core/registry/store/cacher.go:292.4,293.9 2 0
github.com/ServiceComb/service-center/server/core/registry/store/cacher.go:275.11,277.13 2 0
github.com/ServiceComb/service-center/server/core/registry/store/cacher.go:280.29,283.5 2 0
github.com/ServiceComb/service-center/server/core/registry/store/cacher.go:288.14,289.13 1 0
github.com/ServiceComb/service-center/server/core/registry/store/cacher.go:298.40,299.20 1 0
github.com/ServiceComb/service-center/server/core/registry/store/cacher.go:303.2,303.29 1 0
github.com/ServiceComb/service-center/server/core/registry/store/cacher.go:307.2,307.18 1 0
github.com/ServiceComb/service-center/server/core/registry/store/cacher.go:299.20,301.3 1 0
github.com/ServiceComb/service-center/server/core/registry/store/cacher.go:303.29,305.3 1 0
github.com/ServiceComb/service-center/server/core/registry/store/cacher.go:310.73,316.13 6 0
github.com/ServiceComb/service-center/server/core/registry/store/cacher.go:319.2,320.13 2 0
github.com/ServiceComb/service-center/server/core/registry/store/cacher.go:324.2,325.27 2 0
github.com/ServiceComb/service-center/server/core/registry/store/cacher.go:328.2,336.30 6 0
github.com/ServiceComb/service-center/server/core/registry/store/cacher.go:344.2,344.13 1 0
github.com/ServiceComb/service-center/server/core/registry/store/cacher.go:316.13,318.3 1 0
github.com/ServiceComb/service-center/server/core/registry/store/cacher.go:320.13,322.3 1 0
github.com/ServiceComb/service-center/server/core/registry/store/cacher.go:325.27,327.3 1 0
github.com/ServiceComb/service-center/server/core/registry/store/cacher.go:336.30,337.29 1 0
github.com/ServiceComb/service-center/server/core/registry/store/cacher.go:337.29,338.18 1 0
github.com/ServiceComb/service-center/server/core/registry/store/cacher.go:341.4,341.28 1 0
github.com/ServiceComb/service-center/server/core/registry/store/cacher.go:338.18,339.10 1 0
github.com/ServiceComb/service-center/server/core/registry/store/cacher.go:347.185,350.26 3 0
github.com/ServiceComb/service-center/server/core/registry/store/cacher.go:371.2,371.11 1 0
github.com/ServiceComb/service-center/server/core/registry/store/cacher.go:375.2,375.21 1 0
github.com/ServiceComb/service-center/server/core/registry/store/cacher.go:350.26,352.9 2 0
github.com/ServiceComb/service-center/server/core/registry/store/cacher.go:356.3,356.28 1 0
github.com/ServiceComb/service-center/server/core/registry/store/cacher.go:362.3,368.6 2 0
github.com/ServiceComb/service-center/server/core/registry/store/cacher.go:352.9,353.12 1 0
github.com/ServiceComb/service-center/server/core/registry/store/cacher.go:356.28,360.4 3 0
github.com/ServiceComb/service-center/server/core/registry/store/cacher.go:371.11,373.3 1 0
github.com/ServiceComb/service-center/server/core/registry/store/cacher.go:378.193,381.29 3 0
github.com/ServiceComb/service-center/server/core/registry/store/cacher.go:419.2,419.11 1 0
github.com/ServiceComb/service-center/server/core/registry/store/cacher.go:423.2,423.9 1 0
github.com/ServiceComb/service-center/server/core/registry/store/cacher.go:381.29,383.10 2 0
github.com/ServiceComb/service-center/server/core/registry/store/cacher.go:400.3,400.38 1 0
github.com/ServiceComb/service-center/server/core/registry/store/cacher.go:404.3,404.28 1 0
github.com/ServiceComb/service-center/server/core/registry/store/cacher.go:410.3,416.6 2 0
github.com/ServiceComb/service-center/server/core/registry/store/cacher.go:383.10,384.29 1 0
github.com/ServiceComb/service-center/server/core/registry/store/cacher.go:390.4,397.12 3 0
github.com/ServiceComb/service-center/server/core/registry/store/cacher.go:384.29,388.5 3 0
github.com/ServiceComb/service-center/server/core/registry/store/cacher.go:400.38,401.12 1 0
github.com/ServiceComb/service-center/server/core/registry/store/cacher.go:404.28,408.4 3 0
github.com/ServiceComb/service-center/server/core/registry/store/cacher.go:419.11,421.3 1 0
github.com/ServiceComb/service-center/server/core/registry/store/cacher.go:424.22,425.18 1 0
github.com/ServiceComb/service-center/server/core/registry/store/cacher.go:429.44,434.27 5 0
github.com/ServiceComb/service-center/server/core/registry/store/cacher.go:479.2,481.28 2 0
github.com/ServiceComb/service-center/server/core/registry/store/cacher.go:434.27,439.19 4 0
github.com/ServiceComb/service-center/server/core/registry/store/cacher.go:440.43,444.43 3 0
github.com/ServiceComb/service-center/server/core/registry/store/cacher.go:450.4,450.42 1 0
github.com/ServiceComb/service-center/server/core/registry/store/cacher.go:456.4,462.9 3 0
github.com/ServiceComb/service-center/server/core/registry/store/cacher.go:463.25,464.11 1 0
github.com/ServiceComb/service-center/server/core/registry/store/cacher.go:469.4,476.9 4 0
github.com/ServiceComb/service-center/server/core/registry/store/cacher.go:444.43,448.5 2 0
github.com/ServiceComb/service-center/server/core/registry/store/cacher.go:450.42,454.5 2 0
github.com/ServiceComb/service-center/server/core/registry/store/cacher.go:464.11,466.13 2 0
github.com/ServiceComb/service-center/server/core/registry/store/cacher.go:484.48,485.26 1 0
github.com/ServiceComb/service-center/server/core/registry/store/cacher.go:488.2,488.27 1 0
github.com/ServiceComb/service-center/server/core/registry/store/cacher.go:485.26,487.3 1 0
github.com/ServiceComb/service-center/server/core/registry/store/cacher.go:488.27,490.3 1 0
github.com/ServiceComb/service-center/server/core/registry/store/cacher.go:493.26,494.44 1 0
github.com/ServiceComb/service-center/server/core/registry/store/cacher.go:518.2,518.29 1 0
github.com/ServiceComb/service-center/server/core/registry/store/cacher.go:494.44,497.45 3 0
github.com/ServiceComb/service-center/server/core/registry/store/cacher.go:501.3,501.7 1 0
github.com/ServiceComb/service-center/server/core/registry/store/cacher.go:497.45,500.4 2 0
github.com/ServiceComb/service-center/server/core/registry/store/cacher.go:501.7,506.57 5 0
github.com/ServiceComb/service-center/server/core/registry/store/cacher.go:509.4,509.11 1 0
github.com/ServiceComb/service-center/server/core/registry/store/cacher.go:506.57,508.5 1 0
github.com/ServiceComb/service-center/server/core/registry/store/cacher.go:510.18,512.11 2 0
github.com/ServiceComb/service-center/server/core/registry/store/cacher.go:513.34,513.34 0 0
github.com/ServiceComb/service-center/server/core/registry/store/cacher.go:521.34,523.2 1 0
github.com/ServiceComb/service-center/server/core/registry/store/cacher.go:525.26,527.2 1 0
github.com/ServiceComb/service-center/server/core/registry/store/cacher.go:529.27,535.2 3 0
github.com/ServiceComb/service-center/server/core/registry/store/cacher.go:537.44,539.2 1 0
github.com/ServiceComb/service-center/server/core/registry/store/cacher.go:541.49,549.2 1 0
github.com/ServiceComb/service-center/server/core/registry/store/cacher.go:551.52,553.27 2 0
github.com/ServiceComb/service-center/server/core/registry/store/cacher.go:557.2,567.15 3 0
github.com/ServiceComb/service-center/server/core/registry/store/cacher.go:553.27,555.3 1 0
github.com/ServiceComb/service-center/server/core/registry/store/defer.go:39.75,43.2 1 0
github.com/ServiceComb/service-center/server/core/registry/store/defer.go:45.83,47.9 2 0
github.com/ServiceComb/service-center/server/core/registry/store/defer.go:51.2,51.48 1 0
github.com/ServiceComb/service-center/server/core/registry/store/defer.go:55.2,55.27 1 0
github.com/ServiceComb/service-center/server/core/registry/store/defer.go:60.2,60.13 1 0
github.com/ServiceComb/service-center/server/core/registry/store/defer.go:47.9,49.3 1 0
github.com/ServiceComb/service-center/server/core/registry/store/defer.go:51.48,53.3 1 0
github.com/ServiceComb/service-center/server/core/registry/store/defer.go:55.27,56.32 1 0
github.com/ServiceComb/service-center/server/core/registry/store/defer.go:56.32,58.4 1 0
github.com/ServiceComb/service-center/server/core/registry/store/defer.go:63.47,64.25 1 0
github.com/ServiceComb/service-center/server/core/registry/store/defer.go:68.2,68.24 1 0
github.com/ServiceComb/service-center/server/core/registry/store/defer.go:64.25,66.3 1 0
github.com/ServiceComb/service-center/server/core/registry/store/defer.go:68.24,72.3 3 0
github.com/ServiceComb/service-center/server/core/registry/store/defer.go:75.85,77.50 2 0
github.com/ServiceComb/service-center/server/core/registry/store/defer.go:83.2,83.19 1 0
github.com/ServiceComb/service-center/server/core/registry/store/defer.go:88.2,90.27 2 0
github.com/ServiceComb/service-center/server/core/registry/store/defer.go:115.2,116.13 2 0
github.com/ServiceComb/service-center/server/core/registry/store/defer.go:77.50,81.3 2 0
github.com/ServiceComb/service-center/server/core/registry/store/defer.go:83.19,86.3 2 0
github.com/ServiceComb/service-center/server/core/registry/store/defer.go:90.27,92.10 2 0
github.com/ServiceComb/service-center/server/core/registry/store/defer.go:95.3,96.19 2 0
github.com/ServiceComb/service-center/server/core/registry/store/defer.go:92.10,93.12 1 0
github.com/ServiceComb/service-center/server/core/registry/store/defer.go:97.37,103.23 4 0
github.com/ServiceComb/service-center/server/core/registry/store/defer.go:104.22,107.18 3 0
github.com/ServiceComb/service-center/server/core/registry/store/defer.go:111.4,112.57 2 0
github.com/ServiceComb/service-center/server/core/registry/store/defer.go:107.18,109.13 2 0
github.com/ServiceComb/service-center/server/core/registry/store/defer.go:119.70,121.6 2 0
github.com/ServiceComb/service-center/server/core/registry/store/defer.go:121.6,122.10 1 0
github.com/ServiceComb/service-center/server/core/registry/store/defer.go:123.17,124.10 1 0
github.com/ServiceComb/service-center/server/core/registry/store/defer.go:125.34,127.36 2 0
github.com/ServiceComb/service-center/server/core/registry/store/defer.go:142.4,142.43 1 0
github.com/ServiceComb/service-center/server/core/registry/store/defer.go:146.4,146.21 1 0
github.com/ServiceComb/service-center/server/core/registry/store/defer.go:127.36,129.16 2 0
github.com/ServiceComb/service-center/server/core/registry/store/defer.go:134.5,140.24 5 0
github.com/ServiceComb/service-center/server/core/registry/store/defer.go:129.16,131.14 2 0
github.com/ServiceComb/service-center/server/core/registry/store/defer.go:142.43,145.5 2 0
github.com/ServiceComb/service-center/server/core/registry/store/defer.go:151.67,153.2 1 0
github.com/ServiceComb/service-center/server/core/registry/store/event.go:26.13,28.43 2 1
github.com/ServiceComb/service-center/server/core/registry/store/event.go:28.43,32.3 1 17
github.com/ServiceComb/service-center/server/core/registry/store/event.go:53.53,57.2 3 2
github.com/ServiceComb/service-center/server/core/registry/store/event.go:59.46,61.37 2 0
github.com/ServiceComb/service-center/server/core/registry/store/event.go:64.2,64.18 1 0
github.com/ServiceComb/service-center/server/core/registry/store/event.go:61.37,63.3 1 0
github.com/ServiceComb/service-center/server/core/registry/store/event.go:67.44,69.2 1 2
github.com/ServiceComb/service-center/server/core/registry/store/event.go:71.53,73.2 1 2
github.com/ServiceComb/service-center/server/core/registry/store/event.go:75.40,77.2 1 0
github.com/ServiceComb/service-center/server/core/registry/store/indexer.go:34.13,36.33 2 1
github.com/ServiceComb/service-center/server/core/registry/store/indexer.go:36.33,38.3 1 16
github.com/ServiceComb/service-center/server/core/registry/store/indexer.go:53.114,58.58 3 0
github.com/ServiceComb/service-center/server/core/registry/store/indexer.go:64.2,64.15 1 0
github.com/ServiceComb/service-center/server/core/registry/store/indexer.go:79.2,86.18 2 0
github.com/ServiceComb/service-center/server/core/registry/store/indexer.go:99.2,100.22 2 0
github.com/ServiceComb/service-center/server/core/registry/store/indexer.go:110.2,112.18 3 0
github.com/ServiceComb/service-center/server/core/registry/store/indexer.go:58.58,62.3 2 0
github.com/ServiceComb/service-center/server/core/registry/store/indexer.go:64.15,66.17 2 0
github.com/ServiceComb/service-center/server/core/registry/store/indexer.go:70.3,70.58 1 0
github.com/ServiceComb/service-center/server/core/registry/store/indexer.go:74.3,76.55 2 0
github.com/ServiceComb/service-center/server/core/registry/store/indexer.go:66.17,68.4 1 0
github.com/ServiceComb/service-center/server/core/registry/store/indexer.go:70.58,72.4 1 0
github.com/ServiceComb/service-center/server/core/registry/store/indexer.go:86.18,87.26 1 0
github.com/ServiceComb/service-center/server/core/registry/store/indexer.go:91.3,91.37 1 0
github.com/ServiceComb/service-center/server/core/registry/store/indexer.go:95.3,96.55 2 0
github.com/ServiceComb/service-center/server/core/registry/store/indexer.go:87.26,90.4 2 0
github.com/ServiceComb/service-center/server/core/registry/store/indexer.go:91.37,93.4 1 0
github.com/ServiceComb/service-center/server/core/registry/store/indexer.go:100.22,101.37 1 0
github.com/ServiceComb/service-center/server/core/registry/store/indexer.go:105.3,107.55 2 0
github.com/ServiceComb/service-center/server/core/registry/store/indexer.go:101.37,103.4 1 0
github.com/ServiceComb/service-center/server/core/registry/store/indexer.go:115.33,117.2 1 0
github.com/ServiceComb/service-center/server/core/registry/store/indexer.go:119.122,132.37 5 0
github.com/ServiceComb/service-center/server/core/registry/store/indexer.go:137.2,144.27 7 0
github.com/ServiceComb/service-center/server/core/registry/store/indexer.go:154.2,154.37 1 0
github.com/ServiceComb/service-center/server/core/registry/store/indexer.go:157.2,158.18 2 0
github.com/ServiceComb/service-center/server/core/registry/store/indexer.go:132.37,135.3 2 0
github.com/ServiceComb/service-center/server/core/registry/store/indexer.go:144.27,146.15 2 0
github.com/ServiceComb/service-center/server/core/registry/store/indexer.go:151.3,152.8 2 0
github.com/ServiceComb/service-center/server/core/registry/store/indexer.go:146.15,149.12 2 0
github.com/ServiceComb/service-center/server/core/registry/store/indexer.go:154.37,156.3 1 0
github.com/ServiceComb/service-center/server/core/registry/store/indexer.go:161.46,162.64 1 0
github.com/ServiceComb/service-center/server/core/registry/store/indexer.go:166.2,166.15 1 0
github.com/ServiceComb/service-center/server/core/registry/store/indexer.go:169.2,172.9 3 0
github.com/ServiceComb/service-center/server/core/registry/store/indexer.go:162.64,164.3 1 0
github.com/ServiceComb/service-center/server/core/registry/store/indexer.go:166.15,168.3 1 0
github.com/ServiceComb/service-center/server/core/registry/store/indexer.go:173.20,176.36 2 0
github.com/ServiceComb/service-center/server/core/registry/store/indexer.go:177.33,177.33 0 0
github.com/ServiceComb/service-center/server/core/registry/store/indexer.go:181.32,182.46 1 17
github.com/ServiceComb/service-center/server/core/registry/store/indexer.go:182.46,184.7 2 17
github.com/ServiceComb/service-center/server/core/registry/store/indexer.go:206.3,206.75 1 0
github.com/ServiceComb/service-center/server/core/registry/store/indexer.go:184.7,185.11 1 17
github.com/ServiceComb/service-center/server/core/registry/store/indexer.go:186.18,187.11 1 0
github.com/ServiceComb/service-center/server/core/registry/store/indexer.go:188.41,189.12 1 0
github.com/ServiceComb/service-center/server/core/registry/store/indexer.go:192.5,196.23 4 0
github.com/ServiceComb/service-center/server/core/registry/store/indexer.go:202.5,202.26 1 0
github.com/ServiceComb/service-center/server/core/registry/store/indexer.go:189.12,191.6 1 0
github.com/ServiceComb/service-center/server/core/registry/store/indexer.go:197.24,198.33 1 0
github.com/ServiceComb/service-center/server/core/registry/store/indexer.go:199.24,200.36 1 0
github.com/ServiceComb/service-center/server/core/registry/store/indexer.go:210.74,212.9 2 0
github.com/ServiceComb/service-center/server/core/registry/store/indexer.go:216.2,216.27 1 0
github.com/ServiceComb/service-center/server/core/registry/store/indexer.go:236.2,236.14 1 0
github.com/ServiceComb/service-center/server/core/registry/store/indexer.go:212.9,214.3 1 0
github.com/ServiceComb/service-center/server/core/registry/store/indexer.go:216.27,218.17 2 0
github.com/ServiceComb/service-center/server/core/registry/store/indexer.go:221.3,222.13 2 0
github.com/ServiceComb/service-center/server/core/registry/store/indexer.go:231.3,232.17 2 0
github.com/ServiceComb/service-center/server/core/registry/store/indexer.go:218.17,220.4 1 0
github.com/ServiceComb/service-center/server/core/registry/store/indexer.go:222.13,224.18 2 0
github.com/ServiceComb/service-center/server/core/registry/store/indexer.go:229.4,229.9 1 0
github.com/ServiceComb/service-center/server/core/registry/store/indexer.go:224.18,225.28 1 0
github.com/ServiceComb/service-center/server/core/registry/store/indexer.go:225.28,227.6 1 0
github.com/ServiceComb/service-center/server/core/registry/store/indexer.go:232.17,234.4 1 0
github.com/ServiceComb/service-center/server/core/registry/store/indexer.go:239.52,241.8 2 0
github.com/ServiceComb/service-center/server/core/registry/store/indexer.go:245.2,246.9 2 0
github.com/ServiceComb/service-center/server/core/registry/store/indexer.go:253.2,256.29 3 0
github.com/ServiceComb/service-center/server/core/registry/store/indexer.go:241.8,243.3 1 0
github.com/ServiceComb/service-center/server/core/registry/store/indexer.go:246.9,249.3 2 0
github.com/ServiceComb/service-center/server/core/registry/store/indexer.go:249.3,249.35 1 0
github.com/ServiceComb/service-center/server/core/registry/store/indexer.go:249.35,251.3 1 0
github.com/ServiceComb/service-center/server/core/registry/store/indexer.go:259.55,261.9 2 0
github.com/ServiceComb/service-center/server/core/registry/store/indexer.go:265.2,265.36 1 0
github.com/ServiceComb/service-center/server/core/registry/store/indexer.go:268.2,268.16 1 0
github.com/ServiceComb/service-center/server/core/registry/store/indexer.go:261.9,263.3 1 0
github.com/ServiceComb/service-center/server/core/registry/store/indexer.go:265.36,267.3 1 0
github.com/ServiceComb/service-center/server/core/registry/store/indexer.go:271.25,273.16 2 17
github.com/ServiceComb/service-center/server/core/registry/store/indexer.go:277.2,282.16 4 17
github.com/ServiceComb/service-center/server/core/registry/store/indexer.go:273.16,276.3 2 0
github.com/ServiceComb/service-center/server/core/registry/store/indexer.go:285.26,287.15 2 0
github.com/ServiceComb/service-center/server/core/registry/store/indexer.go:291.2,302.60 7 0
github.com/ServiceComb/service-center/server/core/registry/store/indexer.go:287.15,290.3 2 0
github.com/ServiceComb/service-center/server/core/registry/store/indexer.go:305.43,308.2 2 0
github.com/ServiceComb/service-center/server/core/registry/store/indexer.go:310.55,321.2 1 17
github.com/ServiceComb/service-center/server/core/registry/store/listwatch.go:41.40,43.2 1 0
github.com/ServiceComb/service-center/server/core/registry/store/listwatch.go:52.74,55.16 3 0
github.com/ServiceComb/service-center/server/core/registry/store/listwatch.go:58.2,59.24 2 0
github.com/ServiceComb/service-center/server/core/registry/store/listwatch.go:62.2,62.22 1 0
github.com/ServiceComb/service-center/server/core/registry/store/listwatch.go:55.16,57.3 1 0
github.com/ServiceComb/service-center/server/core/registry/store/listwatch.go:59.24,61.3 1 0
github.com/ServiceComb/service-center/server/core/registry/store/listwatch.go:65.41,67.2 1 0
github.com/ServiceComb/service-center/server/core/registry/store/listwatch.go:69.47,71.2 1 0
github.com/ServiceComb/service-center/server/core/registry/store/listwatch.go:73.56,75.2 1 0
github.com/ServiceComb/service-center/server/core/registry/store/listwatch.go:77.81,82.62 1 0
github.com/ServiceComb/service-center/server/core/registry/store/listwatch.go:110.2,111.16 2 0
github.com/ServiceComb/service-center/server/core/registry/store/listwatch.go:115.2,115.12 1 0
github.com/ServiceComb/service-center/server/core/registry/store/listwatch.go:82.62,83.42 1 0
github.com/ServiceComb/service-center/server/core/registry/store/listwatch.go:87.5,92.33 4 0
github.com/ServiceComb/service-center/server/core/registry/store/listwatch.go:106.5,107.15 2 0
github.com/ServiceComb/service-center/server/core/registry/store/listwatch.go:83.42,85.6 1 0
github.com/ServiceComb/service-center/server/core/registry/store/listwatch.go:92.33,94.13 2 0
github.com/ServiceComb/service-center/server/core/registry/store/listwatch.go:104.6,104.19 1 0
github.com/ServiceComb/service-center/server/core/registry/store/listwatch.go:95.58,96.50 1 0
github.com/ServiceComb/service-center/server/core/registry/store/listwatch.go:97.39,98.50 1 0
github.com/ServiceComb/service-center/server/core/registry/store/listwatch.go:99.42,100.50 1 0
github.com/ServiceComb/service-center/server/core/registry/store/listwatch.go:101.14,102.51 1 0
github.com/ServiceComb/service-center/server/core/registry/store/listwatch.go:111.16,114.3 2 0
github.com/ServiceComb/service-center/server/core/registry/store/listwatch.go:127.46,129.2 1 0
github.com/ServiceComb/service-center/server/core/registry/store/listwatch.go:131.29,134.12 3 0
github.com/ServiceComb/service-center/server/core/registry/store/listwatch.go:139.2,139.9 1 0
github.com/ServiceComb/service-center/server/core/registry/store/listwatch.go:134.12,137.3 2 0
github.com/ServiceComb/service-center/server/core/registry/store/listwatch.go:140.16,142.11 1 0
github.com/ServiceComb/service-center/server/core/registry/store/listwatch.go:143.18,144.11 1 0
github.com/ServiceComb/service-center/server/core/registry/store/listwatch.go:148.43,151.2 2 0
github.com/ServiceComb/service-center/server/core/registry/store/listwatch.go:153.26,155.12 2 0
github.com/ServiceComb/service-center/server/core/registry/store/listwatch.go:159.2,162.16 4 0
github.com/ServiceComb/service-center/server/core/registry/store/listwatch.go:155.12,158.3 2 0
github.com/ServiceComb/service-center/server/core/registry/store/listwatch.go:165.45,171.2 1 0
github.com/ServiceComb/service-center/server/core/registry/store/listwatch.go:173.65,182.2 3 0
github.com/ServiceComb/service-center/server/core/registry/store/opt.go:37.40,40.2 1 0
github.com/ServiceComb/service-center/server/core/registry/store/opt.go:44.44,45.32 1 0
github.com/ServiceComb/service-center/server/core/registry/store/opt.go:45.32,45.49 1 0
github.com/ServiceComb/service-center/server/core/registry/store/opt.go:48.47,49.32 1 0
github.com/ServiceComb/service-center/server/core/registry/store/opt.go:49.32,49.55 1 0
github.com/ServiceComb/service-center/server/core/registry/store/opt.go:52.54,53.32 1 0
github.com/ServiceComb/service-center/server/core/registry/store/opt.go:53.32,53.52 1 0
github.com/ServiceComb/service-center/server/core/registry/store/opt.go:56.53,57.32 1 0
github.com/ServiceComb/service-center/server/core/registry/store/opt.go:57.32,57.51 1 0
github.com/ServiceComb/service-center/server/core/registry/store/opt.go:60.53,61.32 1 0
github.com/ServiceComb/service-center/server/core/registry/store/opt.go:61.32,61.51 1 0
github.com/ServiceComb/service-center/server/core/registry/store/opt.go:64.57,65.32 1 0
github.com/ServiceComb/service-center/server/core/registry/store/opt.go:65.32,65.55 1 0
github.com/ServiceComb/service-center/server/core/registry/store/opt.go:68.42,75.2 1 0
